======================================
Job ID: 1861820
Running with args.latency=200
Running with args.use_rtc=False
======================================
Starting background process for horizon  (default): serve_policy.py --env=LIBERO
Background process started with PID: 2816282
Running libero client...
here
here
1
2
3
imported checkpoints
[info] using task orders [0, 1, 2, 3, 4, 5, 6, 7, 8, 9]
initialized with s: 5, d: 4
RTC setting:  False action horizon:  10 s:  5 d:  4
======================================
Completed run with args.latency=200 and args.use_rtc=False
======================================
Cleaning up...
Stopping background process (PID: 2816282)
Cleanup complete
