======================================
Job ID: 1901213
Running with args.use_rtc=False
======================================
Starting background process for horizon  (default): serve_policy.py --env=LIBERO
Background process started with PID: 2593003
Running libero client...
[info] using task orders [0, 1, 2, 3, 4, 5, 6, 7, 8, 9]
  W0: ep0: resetting
  W1: idle
  W2: idle
  W3: idle
  W4: idle
  W5: idle
[6A[J  W0: ep0: resetting
  W1: ep1: resetting
  W2: idle
  W3: idle
  W4: idle
  W5: idle
[6A[J  W0: ep0: resetting
  W1: ep1: resetting
  W2: ep2: resetting
  W3: idle
  W4: idle
  W5: idle
[6A[J  W0: ep0: t=1 waiting
  W1: ep1: resetting
  W2: ep2: resetting
  W3: idle
  W4: idle
  W5: idle
[6A[J  W0: ep0: t=7 waiting
  W1: ep1: resetting
  W2: ep2: resetting
  W3: idle
  W4: idle
  W5: idle
[6A[J  W0: ep0: t=10 inferring
  W1: ep1: t=1 waiting
  W2: ep2: resetting
  W3: idle
  W4: idle
  W5: idle
[6A[J  W0: ep0: t=10 inferring
  W1: ep1: t=6 waiting
  W2: ep2: resetting
  W3: idle
  W4: idle
  W5: idle
[6A[J  W0: ep0: t=10 inferring
  W1: ep1: t=10 inferring
  W2: ep2: resetting
  W3: idle
  W4: idle
  W5: idle
[6A[J  W0: ep0: t=10 inferring
  W1: ep1: t=10 inferring
  W2: ep2: t=4 waiting
  W3: idle
  W4: idle
  W5: idle
[6A[J  W0: ep0: t=10 inferring
  W1: ep1: t=10 inferring
  W2: ep2: t=9 waiting
  W3: idle
  W4: idle
  W5: idle
[6A[J  W0: ep0: t=10 inferring
  W1: ep1: t=10 inferring
  W2: ep2: t=10 inferring
  W3: idle
  W4: idle
  W5: idle
[6A[J  W0: ep0: t=11 inferring
  W1: ep1: t=10 inferring
  W2: ep2: t=10 inferring
  W3: idle
  W4: idle
  W5: idle
[6A[J  W0: ep0: t=13 inferring
  W1: ep1: t=10 inferring
  W2: ep2: t=10 inferring
  W3: idle
  W4: idle
  W5: idle
[6A[J  W0: ep0: t=14 inferring
  W1: ep1: t=12 inferring
  W2: ep2: t=10 inferring
  W3: idle
  W4: idle
  W5: idle
[6A[J  W0: ep0: t=16 inferring
  W1: ep1: t=13 stepping
  W2: ep2: t=11 inferring
  W3: idle
  W4: idle
  W5: idle
[6A[J  W0: ep0: t=18 inferring
  W1: ep1: t=15 inferring
  W2: ep2: t=13 inferring
  W3: idle
  W4: idle
  W5: idle
[6A[J  W0: ep0: t=19 stepping
  W1: ep1: t=17 inferring
  W2: ep2: t=14 stepping
  W3: idle
  W4: idle
  W5: idle
[6A[J  W0: ep0: t=20 inferring
  W1: ep1: t=18 stepping
  W2: ep2: t=16 inferring
  W3: idle
  W4: idle
  W5: idle
[6A[J  W0: ep0: t=20 inferring
  W1: ep1: t=20 inferring
  W2: ep2: t=17 inferring
  W3: idle
  W4: idle
  W5: idle
[6A[J  W0: ep0: t=20 inferring
  W1: ep1: t=20 inferring
  W2: ep2: t=18 stepping
  W3: idle
  W4: idle
  W5: idle
[6A[J  W0: ep0: t=21 inferring
  W1: ep1: t=20 inferring
  W2: ep2: t=19 stepping
  W3: idle
  W4: idle
  W5: idle
[6A[J  W0: ep0: t=22 stepping
  W1: ep1: t=20 stepping
  W2: ep2: t=20 inferring
  W3: idle
  W4: idle
  W5: idle
[6A[J  W0: ep0: t=24 inferring
  W1: ep1: t=22 inferring
  W2: ep2: t=20 inferring
  W3: idle
  W4: idle
  W5: idle
[6A[J  W0: ep0: t=26 preprocessing
  W1: ep1: t=23 stepping
  W2: ep2: t=20 inferring
  W3: idle
  W4: idle
  W5: idle
[6A[J  W0: ep0: t=27 stepping
  W1: ep1: t=25 inferring
  W2: ep2: t=21 inferring
  W3: idle
  W4: idle
  W5: idle
[6A[J  W0: ep0: t=29 inferring
  W1: ep1: t=27 inferring
  W2: ep2: t=22 stepping
  W3: idle
  W4: idle
  W5: idle
[6A[J  W0: ep0: t=30 inferring
  W1: ep1: t=29 inferring
  W2: ep2: t=24 inferring
  W3: idle
  W4: idle
  W5: idle
[6A[J  W0: ep0: t=30 inferring
  W1: ep1: t=30 inferring
  W2: ep2: t=25 stepping
  W3: idle
  W4: idle
  W5: idle
[6A[J  W0: ep0: t=30 inferring
  W1: ep1: t=30 inferring
  W2: ep2: t=27 inferring
  W3: idle
  W4: idle
  W5: idle
[6A[J  W0: ep0: t=31 inferring
  W1: ep1: t=30 inferring
  W2: ep2: t=28 stepping
  W3: idle
  W4: idle
  W5: idle
[6A[J  W0: ep0: t=32 stepping
  W1: ep1: t=30 stepping
  W2: ep2: t=30 inferring
  W3: idle
  W4: idle
  W5: idle
[6A[J  W0: ep0: t=34 stepping
  W1: ep1: t=32 inferring
  W2: ep2: t=30 inferring
  W3: idle
  W4: idle
  W5: idle
[6A[J  W0: ep0: t=36 inferring
  W1: ep1: t=34 preprocessing
  W2: ep2: t=30 inferring
  W3: idle
  W4: idle
  W5: idle
[6A[J  W0: ep0: t=37 stepping
  W1: ep1: t=35 inferring
  W2: ep2: t=30 stepping
  W3: idle
  W4: idle
  W5: idle
[6A[J  W0: ep0: t=39 inferring
  W1: ep1: t=37 inferring
  W2: ep2: t=32 inferring
  W3: idle
  W4: idle
  W5: idle
[6A[J  W0: ep0: t=40 inferring
  W1: ep1: t=38 stepping
  W2: ep2: t=34 inferring
  W3: idle
  W4: idle
  W5: idle
[6A[J  W0: ep0: t=40 inferring
  W1: ep1: t=40 inferring
  W2: ep2: t=35 stepping
  W3: idle
  W4: idle
  W5: idle
[6A[J  W0: ep0: t=40 inferring
  W1: ep1: t=40 inferring
  W2: ep2: t=37 inferring
  W3: idle
  W4: idle
  W5: idle
[6A[J  W0: ep0: t=41 inferring
  W1: ep1: t=40 inferring
  W2: ep2: t=39 preprocessing
  W3: idle
  W4: idle
  W5: idle
[6A[J  W0: ep0: t=43 inferring
  W1: ep1: t=40 stepping
  W2: ep2: t=40 inferring
  W3: idle
  W4: idle
  W5: idle
[6A[J  W0: ep0: t=45 preprocessing
  W1: ep1: t=42 inferring
  W2: ep2: t=40 inferring
  W3: idle
  W4: idle
  W5: idle
[6A[J  W0: ep0: t=46 inferring
  W1: ep1: t=44 inferring
  W2: ep2: t=40 inferring
  W3: idle
  W4: idle
  W5: idle
[6A[J  W0: ep0: t=48 inferring
  W1: ep1: t=45 inferring
  W2: ep2: t=40 stepping
  W3: idle
  W4: idle
  W5: idle
[6A[J  W0: ep0: t=49 stepping
  W1: ep1: t=47 inferring
  W2: ep2: t=42 inferring
  W3: idle
  W4: idle
  W5: idle
[6A[J  W0: ep0: t=50 inferring
  W1: ep1: t=49 inferring
  W2: ep2: t=43 stepping
  W3: idle
  W4: idle
  W5: idle
[6A[J  W0: ep0: t=50 inferring
  W1: ep1: t=50 inferring
  W2: ep2: t=45 inferring
  W3: idle
  W4: idle
  W5: idle
[6A[J  W0: ep0: t=50 inferring
  W1: ep1: t=50 inferring
  W2: ep2: t=46 inferring
  W3: idle
  W4: idle
  W5: idle
[6A[J  W0: ep0: t=51 inferring
  W1: ep1: t=50 inferring
  W2: ep2: t=47 inferring
  W3: idle
  W4: idle
  W5: idle
[6A[J  W0: ep0: t=52 stepping
  W1: ep1: t=50 inferring
  W2: ep2: t=48 inferring
  W3: idle
  W4: idle
  W5: idle
[6A[J  W0: ep0: t=54 inferring
  W1: ep1: t=51 stepping
  W2: ep2: t=49 inferring
  W3: idle
  W4: idle
  W5: idle
[6A[J  W0: ep0: t=56 inferring
  W1: ep1: t=53 inferring
  W2: ep2: t=50 inferring
  W3: idle
  W4: idle
  W5: idle
[6A[J  W0: ep0: t=57 stepping
  W1: ep1: t=55 inferring
  W2: ep2: t=50 inferring
  W3: idle
  W4: idle
  W5: idle
[6A[J  W0: ep0: t=59 preprocessing
  W1: ep1: t=56 inferring
  W2: ep2: t=50 inferring
  W3: idle
  W4: idle
  W5: idle
[6A[J  W0: ep0: t=60 inferring
  W1: ep1: t=57 inferring
  W2: ep2: t=50 stepping
  W3: idle
  W4: idle
  W5: idle
[6A[J  W0: ep0: t=60 inferring
  W1: ep1: t=59 inferring
  W2: ep2: t=52 inferring
  W3: ep3: resetting
  W4: ep4: resetting
  W5: idle
[6A[J  W0: ep0: t=60 inferring
  W1: ep1: t=60 inferring
  W2: ep2: t=53 stepping
  W3: ep3: resetting
  W4: ep4: resetting
  W5: idle
[6A[J  W0: ep0: t=60 stepping
  W1: ep1: t=60 inferring
  W2: ep2: t=55 inferring
  W3: ep3: resetting
  W4: ep4: resetting
  W5: idle
[6A[J  W0: ep0: t=61 stepping
  W1: ep1: t=60 inferring
  W2: ep2: t=56 inferring
  W3: ep3: resetting
  W4: ep4: resetting
  W5: idle
[6A[J  W0: ep0: t=63 inferring
  W1: ep1: t=60 stepping
  W2: ep2: t=57 stepping
  W3: ep3: resetting
  W4: ep4: resetting
  W5: ep5: resetting
[6A[J  W0: ep0: t=64 stepping
  W1: ep1: t=62 inferring
  W2: ep2: t=59 inferring
  W3: ep3: resetting
  W4: ep4: resetting
  W5: ep5: resetting
[6A[J  W0: ep0: t=66 inferring
  W1: ep1: t=63 inferring
  W2: ep2: t=60 inferring
  W3: ep3: resetting
  W4: ep4: resetting
  W5: ep5: resetting
[6A[J  W0: ep0: t=67 stepping
  W1: ep1: t=65 inferring
  W2: ep2: t=60 inferring
  W3: ep3: resetting
  W4: ep4: resetting
  W5: ep5: resetting
[6A[J  W0: ep0: t=69 inferring
  W1: ep1: t=66 inferring
  W2: ep2: t=60 inferring
  W3: ep3: resetting
  W4: ep4: resetting
  W5: ep5: resetting
[6A[J  W0: ep0: t=70 inferring
  W1: ep1: t=67 stepping
  W2: ep2: t=60 stepping
  W3: ep3: resetting
  W4: ep4: resetting
  W5: ep5: resetting
[6A[J  W0: ep0: t=70 inferring
  W1: ep1: t=69 inferring
  W2: ep2: t=62 inferring
  W3: ep3: t=3 waiting
  W4: ep4: t=0 waiting
  W5: ep5: resetting
[6A[J  W0: ep0: t=70 inferring
  W1: ep1: t=70 inferring
  W2: ep2: t=63 stepping
  W3: ep3: t=8 waiting
  W4: ep4: t=3 waiting
  W5: ep5: resetting
[6A[J  W0: ep0: t=70 stepping
  W1: ep1: t=70 inferring
  W2: ep2: t=65 inferring
  W3: ep3: t=10 inferring
  W4: ep4: t=8 waiting
  W5: ep5: resetting
[6A[J  W0: ep0: t=71 stepping
  W1: ep1: t=70 inferring
  W2: ep2: t=66 inferring
  W3: ep3: t=10 inferring
  W4: ep4: t=10 inferring
  W5: ep5: resetting
[6A[J  W0: ep0: t=73 inferring
  W1: ep1: t=71 inferring
  W2: ep2: t=67 inferring
  W3: ep3: t=10 inferring
  W4: ep4: t=10 inferring
  W5: ep5: t=1 waiting
[6A[J  W0: ep0: t=74 inferring
  W1: ep1: t=72 inferring
  W2: ep2: t=68 stepping
  W3: ep3: t=10 inferring
  W4: ep4: t=10 inferring
  W5: ep5: t=6 waiting
[6A[J  W0: ep0: t=75 inferring
  W1: ep1: t=73 stepping
  W2: ep2: t=70 inferring
  W3: ep3: t=11 inferring
  W4: ep4: t=10 inferring
  W5: ep5: t=10 inferring
[6A[J  W0: ep0: t=76 stepping
  W1: ep1: t=75 inferring
  W2: ep2: t=70 inferring
  W3: ep3: t=13 inferring
  W4: ep4: t=10 stepping
  W5: ep5: t=10 inferring
[6A[J  W0: ep0: t=77 stepping
  W1: ep1: t=76 inferring
  W2: ep2: t=70 inferring
  W3: ep3: t=14 stepping
  W4: ep4: t=12 inferring
  W5: ep5: t=10 inferring
[6A[J  W0: ep0: t=79 inferring
  W1: ep1: t=78 preprocessing
  W2: ep2: t=70 inferring
  W3: ep3: t=16 inferring
  W4: ep4: t=13 stepping
  W5: ep5: t=10 stepping
[6A[J  W0: ep0: t=80 inferring
  W1: ep1: t=79 inferring
  W2: ep2: t=70 inferring
  W3: ep3: t=17 stepping
  W4: ep4: t=15 inferring
  W5: ep5: t=12 inferring
[6A[J  W0: ep0: t=80 inferring
  W1: ep1: t=80 inferring
  W2: ep2: t=71 inferring
  W3: ep3: t=19 stepping
  W4: ep4: t=17 inferring
  W5: ep5: t=13 stepping
[6A[J  W0: ep0: t=80 inferring
  W1: ep1: t=80 inferring
  W2: ep2: t=72 inferring
  W3: ep3: t=20 inferring
  W4: ep4: t=18 stepping
  W5: ep5: t=15 inferring
[6A[J  W0: ep0: t=80 stepping
  W1: ep1: t=80 inferring
  W2: ep2: t=73 stepping
  W3: ep3: t=20 inferring
  W4: ep4: t=20 inferring
  W5: ep5: t=17 inferring
[6A[J  W0: ep0: t=82 inferring
  W1: ep1: t=80 inferring
  W2: ep2: t=75 preprocessing
  W3: ep3: t=20 inferring
  W4: ep4: t=20 inferring
  W5: ep5: t=18 inferring
[6A[J  W0: ep0: t=83 inferring
  W1: ep1: t=81 inferring
  W2: ep2: t=76 inferring
  W3: ep3: t=20 inferring
  W4: ep4: t=20 inferring
  W5: ep5: t=20 inferring
[6A[J  W0: ep0: t=84 stepping
  W1: ep1: t=83 preparing obs
  W2: ep2: t=77 inferring
  W3: ep3: t=20 stepping
  W4: ep4: t=20 inferring
  W5: ep5: t=20 inferring
[6A[J  W0: ep0: t=86 inferring
  W1: ep1: t=84 inferring
  W2: ep2: t=79 preprocessing
  W3: ep3: t=22 inferring
  W4: ep4: t=20 inferring
  W5: ep5: t=20 inferring
[6A[J  W0: ep0: t=87 inferring
  W1: ep1: t=85 inferring
  W2: ep2: t=80 inferring
  W3: ep3: t=23 stepping
  W4: ep4: t=21 inferring
  W5: ep5: t=20 inferring
[6A[J  W0: ep0: t=88 inferring
  W1: ep1: t=87 preprocessing
  W2: ep2: t=80 inferring
  W3: ep3: t=25 inferring
  W4: ep4: t=22 stepping
  W5: ep5: t=20 inferring
[6A[J  W0: ep0: t=90 preprocessing
  W1: ep1: t=88 inferring
  W2: ep2: t=80 inferring
  W3: ep3: t=26 stepping
  W4: ep4: t=24 inferring
  W5: ep5: t=22 preprocessing
[6A[J  W0: ep0: t=90 inferring
  W1: ep1: t=90 inferring
  W2: ep2: t=80 stepping
  W3: ep3: t=28 inferring
  W4: ep4: t=26 preprocessing
  W5: ep5: t=23 inferring
[6A[J  W0: ep0: t=90 inferring
  W1: ep1: t=90 inferring
  W2: ep2: t=82 inferring
  W3: ep3: t=30 inferring
  W4: ep4: t=27 stepping
  W5: ep5: t=25 inferring
[6A[J  W0: ep0: t=90 inferring
  W1: ep1: t=90 inferring
  W2: ep2: t=83 inferring
  W3: ep3: t=30 inferring
  W4: ep4: t=29 inferring
  W5: ep5: t=26 stepping
[6A[J  W0: ep0: t=91 stepping
  W1: ep1: t=90 inferring
  W2: ep2: t=84 stepping
  W3: ep3: t=30 inferring
  W4: ep4: t=30 inferring
  W5: ep5: t=28 inferring
[6A[J  W0: ep0: t=92 stepping
  W1: ep1: t=90 stepping
  W2: ep2: t=86 inferring
  W3: ep3: t=30 inferring
  W4: ep4: t=30 inferring
  W5: ep5: t=29 stepping
[6A[J  W0: ep0: t=94 inferring
  W1: ep1: t=92 inferring
  W2: ep2: t=87 inferring
  W3: ep3: t=30 inferring
  W4: ep4: t=30 inferring
  W5: ep5: t=30 inferring
[6A[J  W0: ep0: t=95 inferring
  W1: ep1: t=93 stepping
  W2: ep2: t=88 stepping
  W3: ep3: t=31 inferring
  W4: ep4: t=30 inferring
  W5: ep5: t=30 inferring
[6A[J  W0: ep0: t=96 stepping
  W1: ep1: t=95 inferring
  W2: ep2: t=90 inferring
  W3: ep3: t=33 inferring
  W4: ep4: t=30 stepping
  W5: ep5: t=30 inferring
[6A[J  W0: ep0: t=98 inferring
  W1: ep1: t=96 inferring
  W2: ep2: t=90 inferring
  W3: ep3: t=34 inferring
  W4: ep4: t=32 inferring
  W5: ep5: t=30 inferring
[6A[J  W0: ep0: t=99 inferring
  W1: ep1: t=98 inferring
  W2: ep2: t=90 inferring
  W3: ep3: t=36 inferring
  W4: ep4: t=33 stepping
  W5: ep5: t=31 inferring
[6A[J  W0: ep0: t=100 inferring
  W1: ep1: t=99 inferring
  W2: ep2: t=90 inferring
  W3: ep3: t=37 stepping
  W4: ep4: t=35 inferring
  W5: ep5: t=32 stepping
[6A[J  W0: ep0: t=100 inferring
  W1: ep1: t=100 inferring
  W2: ep2: t=91 inferring
  W3: ep3: t=39 inferring
  W4: ep4: t=36 inferring
  W5: ep5: t=34 inferring
[6A[J  W0: ep0: t=100 inferring
  W1: ep1: t=100 inferring
  W2: ep2: t=92 inferring
  W3: ep3: t=40 inferring
  W4: ep4: t=37 stepping
  W5: ep5: t=36 inferring
[6A[J  W0: ep0: t=101 inferring
  W1: ep1: t=100 inferring
  W2: ep2: t=93 stepping
  W3: ep3: t=40 inferring
  W4: ep4: t=39 inferring
  W5: ep5: t=37 inferring
[6A[J  W0: ep0: t=102 inferring
  W1: ep1: t=100 inferring
  W2: ep2: t=95 inferring
  W3: ep3: t=40 inferring
  W4: ep4: t=40 inferring
  W5: ep5: t=39 inferring
[6A[J  W0: ep0: t=103 stepping
  W1: ep1: t=101 stepping
  W2: ep2: t=96 inferring
  W3: ep3: t=40 inferring
  W4: ep4: t=40 inferring
  W5: ep5: t=40 inferring
[6A[J  W0: ep0: t=105 inferring
  W1: ep1: t=103 inferring
  W2: ep2: t=97 stepping
  W3: ep3: t=40 stepping
  W4: ep4: t=40 inferring
  W5: ep5: t=40 inferring
[6A[J  W0: ep0: t=106 inferring
  W1: ep1: t=104 stepping
  W2: ep2: t=99 inferring
  W3: ep3: t=42 inferring
  W4: ep4: t=40 inferring
  W5: ep5: t=40 inferring
[6A[J  W0: ep0: t=107 stepping
  W1: ep1: t=105 stepping
  W2: ep2: t=100 inferring
  W3: ep3: t=43 inferring
  W4: ep4: t=41 inferring
  W5: ep5: t=40 inferring
[6A[J  W0: ep0: t=109 inferring
  W1: ep1: t=107 preprocessing
  W2: ep2: t=100 inferring
  W3: ep3: t=45 inferring
  W4: ep4: t=42 inferring
  W5: ep5: t=40 stepping
[6A[J  W0: ep0: t=110 inferring
  W1: ep1: t=108 inferring
  W2: ep2: t=100 inferring
  W3: ep3: t=46 inferring
  W4: ep4: t=43 inferring
  W5: ep5: t=42 inferring
[6A[J  W0: ep0: t=110 inferring
  W1: ep1: t=109 inferring
  W2: ep2: t=101 inferring
  W3: ep3: t=48 inferring
  W4: ep4: t=44 inferring
  W5: ep5: t=43 stepping
[6A[J  W0: ep0: t=110 inferring
  W1: ep1: t=110 inferring
  W2: ep2: t=102 stepping
  W3: ep3: t=49 stepping
  W4: ep4: t=45 stepping
  W5: ep5: t=45 inferring
[6A[J  W0: ep0: t=110 stepping
  W1: ep1: t=110 inferring
  W2: ep2: t=104 inferring
  W3: ep3: t=50 inferring
  W4: ep4: t=47 inferring
  W5: ep5: t=47 preprocessing
[6A[J  W0: ep0: t=112 preparing obs
  W1: ep1: t=110 inferring
  W2: ep2: t=105 stepping
  W3: ep3: t=50 inferring
  W4: ep4: t=49 preprocessing
  W5: ep5: t=48 inferring
[6A[J  W0: ep0: t=113 inferring
  W1: ep1: t=110 stepping
  W2: ep2: t=107 inferring
  W3: ep3: t=50 inferring
  W4: ep4: t=50 inferring
  W5: ep5: t=50 inferring
[6A[J  W0: ep0: t=114 inferring
  W1: ep1: t=112 inferring
  W2: ep2: t=108 inferring
  W3: ep3: t=50 inferring
  W4: ep4: t=50 inferring
  W5: ep5: t=50 inferring
[6A[J  W0: ep0: t=115 stepping
  W1: ep1: t=113 inferring
  W2: ep2: t=109 stepping
  W3: ep3: t=51 inferring
  W4: ep4: t=50 inferring
  W5: ep5: t=50 inferring
[6A[J  W0: ep0: t=117 inferring
  W1: ep1: t=115 inferring
  W2: ep2: t=110 inferring
  W3: ep3: t=52 inferring
  W4: ep4: t=50 inferring
  W5: ep5: t=50 inferring
[6A[J  W0: ep0: t=118 inferring
  W1: ep1: t=116 inferring
  W2: ep2: t=110 inferring
  W3: ep3: t=53 stepping
  W4: ep4: t=51 inferring
  W5: ep5: t=50 inferring
[6A[J  W0: ep0: t=119 stepping
  W1: ep1: t=117 inferring
  W2: ep2: t=110 inferring
  W3: ep3: t=55 inferring
  W4: ep4: t=52 stepping
  W5: ep5: t=51 inferring
[6A[J  W0: ep0: t=120 inferring
  W1: ep1: t=118 inferring
  W2: ep2: t=110 inferring
  W3: ep3: t=57 inferring
  W4: ep4: t=53 stepping
  W5: ep5: t=52 inferring
[6A[J  W0: ep0: t=120 inferring
  W1: ep1: t=119 inferring
  W2: ep2: t=111 stepping
  W3: ep3: t=58 inferring
  W4: ep4: t=54 stepping
  W5: ep5: t=54 inferring
[6A[J  W0: ep0: t=120 inferring
  W1: ep1: t=120 inferring
  W2: ep2: t=113 inferring
  W3: ep3: t=60 inferring
  W4: ep4: t=56 inferring
  W5: ep5: t=55 stepping
[6A[J  W0: ep0: t=121 inferring
  W1: ep1: t=120 inferring
  W2: ep2: t=114 stepping
  W3: ep3: t=60 inferring
  W4: ep4: t=57 stepping
  W5: ep5: t=57 inferring
[6A[J  W0: ep0: t=122 stepping
  W1: ep1: t=120 inferring
  W2: ep2: t=116 inferring
  W3: ep3: t=60 inferring
  W4: ep4: t=59 inferring
  W5: ep5: t=58 stepping
[6A[J  W0: ep0: t=124 inferring
  W1: ep1: t=121 inferring
  W2: ep2: t=117 stepping
  W3: ep3: t=60 inferring
  W4: ep4: t=60 inferring
  W5: ep5: t=60 inferring
[6A[J  W0: ep0: t=125 inferring
  W1: ep1: t=122 inferring
  W2: ep2: t=119 inferring
  W3: ep3: t=60 inferring
  W4: ep4: t=60 inferring
  W5: ep5: t=60 inferring
[6A[J  W0: ep0: t=126 stepping
  W1: ep1: t=124 preprocessing
  W2: ep2: t=120 inferring
  W3: ep3: t=61 stepping
  W4: ep4: t=60 inferring
  W5: ep5: t=60 inferring
[6A[J  W0: ep0: t=128 inferring
  W1: ep1: t=125 inferring
  W2: ep2: t=120 inferring
  W3: ep3: t=63 inferring
  W4: ep4: t=60 stepping
  W5: ep5: t=60 inferring
[6A[J  W0: ep0: t=129 inferring
  W1: ep1: t=126 inferring
  W2: ep2: t=120 inferring
  W3: ep3: t=64 stepping
  W4: ep4: t=62 inferring
  W5: ep5: t=60 inferring
[6A[J  W0: ep0: t=130 inferring
  W1: ep1: t=128 inferring
  W2: ep2: t=120 inferring
  W3: ep3: t=66 inferring
  W4: ep4: t=63 inferring
  W5: ep5: t=61 inferring
[6A[J  W0: ep0: t=130 inferring
  W1: ep1: t=129 inferring
  W2: ep2: t=120 stepping
  W3: ep3: t=67 inferring
  W4: ep4: t=64 stepping
  W5: ep5: t=63 preprocessing
[6A[J  W0: ep0: t=130 inferring
  W1: ep1: t=130 inferring
  W2: ep2: t=122 preprocessing
  W3: ep3: t=68 inferring
  W4: ep4: t=66 preprocessing
  W5: ep5: t=64 inferring
[6A[J  W0: ep0: t=131 inferring
  W1: ep1: t=130 inferring
  W2: ep2: t=123 inferring
  W3: ep3: t=69 stepping
  W4: ep4: t=67 inferring
  W5: ep5: t=66 inferring
[6A[J  W0: ep0: t=132 inferring
  W1: ep1: t=130 inferring
  W2: ep2: t=125 preprocessing
  W3: ep3: t=70 inferring
  W4: ep4: t=68 inferring
  W5: ep5: t=67 inferring
[6A[J  W0: ep0: t=133 stepping
  W1: ep1: t=131 inferring
  W2: ep2: t=126 inferring
  W3: ep3: t=70 inferring
  W4: ep4: t=69 stepping
  W5: ep5: t=69 inferring
[6A[J  W0: ep0: t=135 inferring
  W1: ep1: t=132 stepping
  W2: ep2: t=128 preprocessing
  W3: ep3: t=70 inferring
  W4: ep4: t=70 inferring
  W5: ep5: t=70 inferring
[6A[J  W0: ep0: t=136 inferring
  W1: ep1: t=134 inferring
  W2: ep2: t=129 inferring
  W3: ep3: t=71 inferring
  W4: ep4: t=70 inferring
  W5: ep5: t=70 inferring
[6A[J  W0: ep0: t=137 stepping
  W1: ep1: t=135 stepping
  W2: ep2: t=130 inferring
  W3: ep3: t=72 stepping
  W4: ep4: t=70 inferring
  W5: ep5: t=70 inferring
[6A[J  W0: ep0: t=139 inferring
  W1: ep1: t=137 inferring
  W2: ep2: t=130 inferring
  W3: ep3: t=73 stepping
  W4: ep4: t=71 inferring
  W5: ep5: t=70 inferring
[6A[J  W0: ep0: t=140 inferring
  W1: ep1: t=138 inferring
  W2: ep2: t=130 inferring
  W3: ep3: t=74 stepping
  W4: ep4: t=72 inferring
  W5: ep5: t=70 stepping
[6A[J  W0: ep0: t=140 inferring
  W1: ep1: t=139 stepping
  W2: ep2: t=130 inferring
  W3: ep3: t=75 inferring
  W4: ep4: t=73 inferring
  W5: ep5: t=72 inferring
[6A[J  W0: ep0: t=140 inferring
  W1: ep1: t=140 inferring
  W2: ep2: t=131 inferring
  W3: ep3: t=76 inferring
  W4: ep4: t=74 inferring
  W5: ep5: t=73 inferring
[6A[J  W0: ep0: t=140 stepping
  W1: ep1: t=140 inferring
  W2: ep2: t=132 stepping
  W3: ep3: t=77 inferring
  W4: ep4: t=75 inferring
  W5: ep5: t=74 stepping
[6A[J  W0: ep0: t=142 inferring
  W1: ep1: t=140 inferring
  W2: ep2: t=134 inferring
  W3: ep3: t=78 inferring
  W4: ep4: t=76 inferring
  W5: ep5: t=76 inferring
[6A[J  W0: ep0: t=143 stepping
  W1: ep1: t=141 inferring
  W2: ep2: t=135 stepping
  W3: ep3: t=79 inferring
  W4: ep4: t=77 inferring
  W5: ep5: t=77 inferring
[6A[J  W0: ep0: t=145 inferring
  W1: ep1: t=142 stepping
  W2: ep2: t=137 inferring
  W3: ep3: t=80 inferring
  W4: ep4: t=78 stepping
  W5: ep5: t=79 inferring
[6A[J  W0: ep0: t=147 inferring
  W1: ep1: t=144 inferring
  W2: ep2: t=139 preprocessing
  W3: ep3: t=80 inferring
  W4: ep4: t=80 inferring
  W5: ep5: t=80 inferring
[6A[J  W0: ep0: t=148 stepping
  W1: ep1: t=146 inferring
  W2: ep2: t=140 inferring
  W3: ep3: t=80 inferring
  W4: ep4: t=80 inferring
  W5: ep5: t=80 inferring
[6A[J  W0: ep0: t=150 inferring
  W1: ep1: t=147 inferring
  W2: ep2: t=140 inferring
  W3: ep3: t=81 inferring
  W4: ep4: t=80 inferring
  W5: ep5: t=80 inferring
[6A[J  W0: ep0: t=150 inferring
  W1: ep1: t=149 inferring
  W2: ep2: t=140 inferring
  W3: ep3: t=82 inferring
  W4: ep4: t=80 inferring
  W5: ep5: t=80 inferring
[6A[J  W0: ep0: t=150 inferring
  W1: ep1: t=150 inferring
  W2: ep2: t=140 inferring
  W3: ep3: t=84 inferring
  W4: ep4: t=80 inferring
  W5: ep5: t=81 stepping
[6A[J  W0: ep0: t=150 inferring
  W1: ep1: t=150 inferring
  W2: ep2: t=140 inferring
  W3: ep3: t=85 inferring
  W4: ep4: t=80 stepping
  W5: ep5: t=83 inferring
[6A[J  W0: ep0: t=150 inferring
  W1: ep1: t=150 inferring
  W2: ep2: t=140 inferring
  W3: ep3: t=86 inferring
  W4: ep4: t=81 stepping
  W5: ep5: t=84 inferring
[6A[J  W0: ep0: t=150 inferring
  W1: ep1: t=150 inferring
  W2: ep2: t=141 stepping
  W3: ep3: t=87 inferring
  W4: ep4: t=82 inferring
  W5: ep5: t=85 stepping
[6A[J  W0: ep0: t=151 inferring
  W1: ep1: t=150 inferring
  W2: ep2: t=143 inferring
  W3: ep3: t=88 inferring
  W4: ep4: t=83 inferring
  W5: ep5: t=87 inferring
[6A[J  W0: ep0: t=152 inferring
  W1: ep1: t=150 inferring
  W2: ep2: t=144 stepping
  W3: ep3: t=89 inferring
  W4: ep4: t=84 inferring
  W5: ep5: t=88 inferring
[6A[J  W0: ep0: t=154 inferring
  W1: ep1: t=151 inferring
  W2: ep2: t=146 inferring
  W3: ep3: t=90 inferring
  W4: ep4: t=85 inferring
  W5: ep5: t=89 stepping
[6A[J  W0: ep0: t=156 inferring
  W1: ep1: t=153 inferring
  W2: ep2: t=147 inferring
  W3: ep3: t=90 inferring
  W4: ep4: t=86 stepping
  W5: ep5: t=90 inferring
[6A[J  W0: ep0: t=157 stepping
  W1: ep1: t=154 stepping
  W2: ep2: t=149 inferring
  W3: ep3: t=90 inferring
  W4: ep4: t=88 inferring
  W5: ep5: t=90 inferring
[6A[J  W0: ep0: t=159 inferring
  W1: ep1: t=156 inferring
  W2: ep2: t=150 inferring
  W3: ep3: t=91 inferring
  W4: ep4: t=89 inferring
  W5: ep5: t=90 inferring
[6A[J  W0: ep0: t=160 inferring
  W1: ep1: t=157 stepping
  W2: ep2: t=150 inferring
  W3: ep3: t=92 inferring
  W4: ep4: t=90 inferring
  W5: ep5: t=90 inferring
[6A[J  W0: ep0: t=160 inferring
  W1: ep1: t=159 inferring
  W2: ep2: t=150 inferring
  W3: ep3: t=93 stepping
  W4: ep4: t=90 inferring
  W5: ep5: t=91 stepping
[6A[J  W0: ep0: t=160 inferring
  W1: ep1: t=160 inferring
  W2: ep2: t=150 stepping
  W3: ep3: t=95 inferring
  W4: ep4: t=90 inferring
  W5: ep5: t=93 inferring
[6A[J  W0: ep0: t=160 inferring
  W1: ep1: t=160 inferring
  W2: ep2: t=152 inferring
  W3: ep3: t=96 inferring
  W4: ep4: t=90 inferring
  W5: ep5: t=94 inferring
[6A[J  W0: ep0: t=161 inferring
  W1: ep1: t=160 inferring
  W2: ep2: t=153 stepping
  W3: ep3: t=97 stepping
  W4: ep4: t=90 inferring
  W5: ep5: t=96 inferring
[6A[J  W0: ep0: t=163 inferring
  W1: ep1: t=160 inferring
  W2: ep2: t=155 inferring
  W3: ep3: t=99 inferring
  W4: ep4: t=90 stepping
  W5: ep5: t=97 inferring
[6A[J  W0: ep0: t=164 inferring
  W1: ep1: t=160 inferring
  W2: ep2: t=157 preprocessing
  W3: ep3: t=100 inferring
  W4: ep4: t=91 stepping
  W5: ep5: t=99 inferring
[6A[J  W0: ep0: t=166 inferring
  W1: ep1: t=161 inferring
  W2: ep2: t=158 inferring
  W3: ep3: t=100 inferring
  W4: ep4: t=92 stepping
  W5: ep5: t=100 inferring
[6A[J  W0: ep0: t=167 stepping
  W1: ep1: t=162 stepping
  W2: ep2: t=160 inferring
  W3: ep3: t=100 inferring
  W4: ep4: t=93 stepping
  W5: ep5: t=100 inferring
[6A[J  W0: ep0: t=169 inferring
  W1: ep1: t=164 inferring
  W2: ep2: t=160 inferring
  W3: ep3: t=101 inferring
  W4: ep4: t=94 stepping
  W5: ep5: t=100 inferring
[6A[J  W0: ep0: t=170 inferring
  W1: ep1: t=166 preprocessing
  W2: ep2: t=160 inferring
  W3: ep3: t=102 inferring
  W4: ep4: t=96 inferring
  W5: ep5: t=100 inferring
[6A[J  W0: ep0: t=170 inferring
  W1: ep1: t=167 inferring
  W2: ep2: t=160 inferring
  W3: ep3: t=104 preprocessing
  W4: ep4: t=97 inferring
  W5: ep5: t=101 inferring
[6A[J  W0: ep0: t=170 inferring
  W1: ep1: t=169 inferring
  W2: ep2: t=160 stepping
  W3: ep3: t=105 inferring
  W4: ep4: t=98 inferring
  W5: ep5: t=103 inferring
[6A[J  W0: ep0: t=170 inferring
  W1: ep1: t=170 inferring
  W2: ep2: t=162 inferring
  W3: ep3: t=106 stepping
  W4: ep4: t=99 inferring
  W5: ep5: t=104 inferring
[6A[J  W0: ep0: t=171 inferring
  W1: ep1: t=170 inferring
  W2: ep2: t=163 stepping
  W3: ep3: t=108 inferring
  W4: ep4: t=100 inferring
  W5: ep5: t=106 inferring
[6A[J  W0: ep0: t=172 inferring
  W1: ep1: t=170 inferring
  W2: ep2: t=165 inferring
  W3: ep3: t=109 stepping
  W4: ep4: t=100 inferring
  W5: ep5: t=107 inferring
[6A[J  W0: ep0: t=173 stepping
  W1: ep1: t=170 stepping
  W2: ep2: t=166 stepping
  W3: ep3: t=110 inferring
  W4: ep4: t=100 inferring
  W5: ep5: t=109 inferring
[6A[J  W0: ep0: t=174 stepping
  W1: ep1: t=172 inferring
  W2: ep2: t=168 inferring
  W3: ep3: t=110 inferring
  W4: ep4: t=100 inferring
  W5: ep5: t=110 inferring
[6A[J  W0: ep0: t=176 inferring
  W1: ep1: t=173 stepping
  W2: ep2: t=169 stepping
  W3: ep3: t=110 inferring
  W4: ep4: t=101 inferring
  W5: ep5: t=110 inferring
[6A[J  W0: ep0: t=177 inferring
  W1: ep1: t=175 inferring
  W2: ep2: t=170 inferring
  W3: ep3: t=110 inferring
  W4: ep4: t=102 stepping
  W5: ep5: t=110 inferring
[6A[J  W0: ep0: t=178 inferring
  W1: ep1: t=176 stepping
  W2: ep2: t=170 inferring
  W3: ep3: t=111 inferring
  W4: ep4: t=104 inferring
  W5: ep5: t=110 inferring
[6A[J  W0: ep0: t=179 stepping
  W1: ep1: t=178 inferring
  W2: ep2: t=170 inferring
  W3: ep3: t=113 preprocessing
  W4: ep4: t=106 inferring
  W5: ep5: t=110 stepping
[6A[J  W0: ep0: t=180 inferring
  W1: ep1: t=179 stepping
  W2: ep2: t=170 inferring
  W3: ep3: t=114 inferring
  W4: ep4: t=107 stepping
  W5: ep5: t=112 inferring
[6A[J  W0: ep0: t=180 inferring
  W1: ep1: t=180 inferring
  W2: ep2: t=171 inferring
  W3: ep3: t=115 stepping
  W4: ep4: t=109 inferring
  W5: ep5: t=114 preprocessing
[6A[J  W0: ep0: t=180 inferring
  W1: ep1: t=180 inferring
  W2: ep2: t=173 inferring
  W3: ep3: t=117 inferring
  W4: ep4: t=110 inferring
  W5: ep5: t=115 inferring
[6A[J  W0: ep0: t=181 inferring
  W1: ep1: t=180 inferring
  W2: ep2: t=174 inferring
  W3: ep3: t=118 stepping
  W4: ep4: t=110 inferring
  W5: ep5: t=116 stepping
[6A[J  W0: ep0: t=183 inferring
  W1: ep1: t=180 stepping
  W2: ep2: t=176 inferring
  W3: ep3: t=120 inferring
  W4: ep4: t=110 inferring
  W5: ep5: t=118 inferring
[6A[J  W0: ep0: t=184 inferring
  W1: ep1: t=182 inferring
  W2: ep2: t=177 inferring
  W3: ep3: t=120 inferring
  W4: ep4: t=110 inferring
  W5: ep5: t=119 stepping
[6A[J  W0: ep0: t=186 preprocessing
  W1: ep1: t=183 inferring
  W2: ep2: t=179 inferring
  W3: ep3: t=120 inferring
  W4: ep4: t=111 inferring
  W5: ep5: t=120 inferring
[6A[J  W0: ep0: t=187 inferring
  W1: ep1: t=185 inferring
  W2: ep2: t=180 inferring
  W3: ep3: t=120 inferring
  W4: ep4: t=112 stepping
  W5: ep5: t=120 inferring
[6A[J  W0: ep0: t=189 inferring
  W1: ep1: t=186 inferring
  W2: ep2: t=180 inferring
  W3: ep3: t=121 stepping
  W4: ep4: t=114 inferring
  W5: ep5: t=120 inferring
[6A[J  W0: ep0: t=190 inferring
  W1: ep1: t=188 inferring
  W2: ep2: t=180 inferring
  W3: ep3: t=123 inferring
  W4: ep4: t=115 stepping
  W5: ep5: t=120 stepping
[6A[J  W0: ep0: t=190 inferring
  W1: ep1: t=189 inferring
  W2: ep2: t=180 inferring
  W3: ep3: t=124 stepping
  W4: ep4: t=117 inferring
  W5: ep5: t=122 inferring
[6A[J  W0: ep0: t=190 inferring
  W1: ep1: t=190 inferring
  W2: ep2: t=181 inferring
  W3: ep3: t=126 inferring
  W4: ep4: t=119 preprocessing
  W5: ep5: t=123 stepping
[6A[J  W0: ep0: t=190 stepping
  W1: ep1: t=190 inferring
  W2: ep2: t=183 inferring
  W3: ep3: t=127 inferring
  W4: ep4: t=120 inferring
  W5: ep5: t=125 inferring
[6A[J  W0: ep0: t=191 stepping
  W1: ep1: t=190 inferring
  W2: ep2: t=184 inferring
  W3: ep3: t=128 stepping
  W4: ep4: t=120 inferring
  W5: ep5: t=126 stepping
[6A[J  W0: ep0: t=193 inferring
  W1: ep1: t=191 inferring
  W2: ep2: t=186 inferring
  W3: ep3: t=130 inferring
  W4: ep4: t=120 inferring
  W5: ep5: t=128 inferring
[6A[J  W0: ep0: t=194 stepping
  W1: ep1: t=192 inferring
  W2: ep2: t=187 inferring
  W3: ep3: t=130 inferring
  W4: ep4: t=120 inferring
  W5: ep5: t=129 stepping
[6A[J  W0: ep0: t=196 inferring
  W1: ep1: t=193 stepping
  W2: ep2: t=189 inferring
  W3: ep3: t=130 inferring
  W4: ep4: t=121 stepping
  W5: ep5: t=130 inferring
[6A[J  W0: ep0: t=198 preparing obs
  W1: ep1: t=194 stepping
  W2: ep2: t=190 inferring
  W3: ep3: t=130 stepping
  W4: ep4: t=123 inferring
  W5: ep5: t=130 inferring
[6A[J  W0: ep0: t=199 inferring
  W1: ep1: t=196 inferring
  W2: ep2: t=190 inferring
  W3: ep3: t=131 stepping
  W4: ep4: t=125 inferring
  W5: ep5: t=130 inferring
[6A[J  W0: ep0: t=200 inferring
  W1: ep1: t=197 inferring
  W2: ep2: t=190 inferring
  W3: ep3: t=133 inferring
  W4: ep4: t=126 inferring
  W5: ep5: t=131 inferring
[6A[J  W0: ep0: t=200 inferring
  W1: ep1: t=198 inferring
  W2: ep2: t=190 inferring
  W3: ep3: t=134 stepping
  W4: ep4: t=128 inferring
  W5: ep5: t=132 stepping
[6A[J  W0: ep0: t=200 inferring
  W1: ep1: t=199 inferring
  W2: ep2: t=191 stepping
  W3: ep3: t=136 inferring
  W4: ep4: t=129 inferring
  W5: ep5: t=134 inferring
[6A[J  W0: ep0: t=200 stepping
  W1: ep1: t=200 inferring
  W2: ep2: t=193 inferring
  W3: ep3: t=137 stepping
  W4: ep4: t=130 inferring
  W5: ep5: t=135 stepping
[6A[J  W0: ep0: t=202 inferring
  W1: ep1: t=200 inferring
  W2: ep2: t=194 stepping
  W3: ep3: t=139 inferring
  W4: ep4: t=130 inferring
  W5: ep5: t=137 inferring
[6A[J  W0: ep0: t=203 inferring
  W1: ep1: t=200 inferring
  W2: ep2: t=196 inferring
  W3: ep3: t=140 inferring
  W4: ep4: t=130 inferring
  W5: ep5: t=138 stepping
[6A[J  W0: ep0: t=204 stepping
  W1: ep1: t=200 inferring
  W2: ep2: t=197 stepping
  W3: ep3: t=140 inferring
  W4: ep4: t=131 inferring
  W5: ep5: t=140 inferring
[6A[J  W0: ep0: t=206 inferring
  W1: ep1: t=200 inferring
  W2: ep2: t=199 inferring
  W3: ep3: t=140 inferring
  W4: ep4: t=132 stepping
  W5: ep5: t=140 inferring
[6A[J  W0: ep0: t=207 inferring
  W1: ep1: t=201 inferring
  W2: ep2: t=200 inferring
  W3: ep3: t=140 inferring
  W4: ep4: t=134 inferring
  W5: ep5: t=140 inferring
[6A[J  W0: ep0: t=208 stepping
  W1: ep1: t=202 inferring
  W2: ep2: t=200 inferring
  W3: ep3: t=141 inferring
  W4: ep4: t=135 stepping
  W5: ep5: t=140 inferring
[6A[J  W0: ep0: t=210 inferring
  W1: ep1: t=203 stepping
  W2: ep2: t=200 inferring
  W3: ep3: t=142 inferring
  W4: ep4: t=137 inferring
  W5: ep5: t=140 inferring
[6A[J  W0: ep0: t=210 inferring
  W1: ep1: t=204 stepping
  W2: ep2: t=200 inferring
  W3: ep3: t=143 stepping
  W4: ep4: t=138 inferring
  W5: ep5: t=141 inferring
[6A[J  W0: ep0: t=210 inferring
  W1: ep1: t=205 stepping
  W2: ep2: t=200 stepping
  W3: ep3: t=145 inferring
  W4: ep4: t=139 inferring
  W5: ep5: t=143 inferring
[6A[J  W0: ep0: t=210 inferring
  W1: ep1: t=207 preprocessing
  W2: ep2: t=202 inferring
  W3: ep3: t=146 stepping
  W4: ep4: t=140 inferring
  W5: ep5: t=144 stepping
[6A[J  W0: ep0: t=211 inferring
  W1: ep1: t=208 inferring
  W2: ep2: t=203 inferring
  W3: ep3: t=148 inferring
  W4: ep4: t=140 inferring
  W5: ep5: t=146 inferring
[6A[J  W0: ep0: t=212 inferring
  W1: ep1: t=209 inferring
  W2: ep2: t=204 inferring
  W3: ep3: t=149 stepping
  W4: ep4: t=140 inferring
  W5: ep5: t=147 stepping
[6A[J  W0: ep0: t=213 stepping
  W1: ep1: t=210 inferring
  W2: ep2: t=205 inferring
  W3: ep3: t=150 inferring
  W4: ep4: t=141 preparing obs
  W5: ep5: t=149 inferring
[6A[J  W0: ep0: t=215 inferring
  W1: ep1: t=210 inferring
  W2: ep2: t=207 inferring
  W3: ep3: t=150 inferring
  W4: ep4: t=142 inferring
  W5: ep5: t=150 inferring
[6A[J  W0: ep0: t=216 inferring
  W1: ep1: t=210 inferring
  W2: ep2: t=208 inferring
  W3: ep3: t=150 inferring
  W4: ep4: t=143 inferring
  W5: ep5: t=150 inferring
[6A[J  W0: ep0: t=217 inferring
  W1: ep1: t=210 inferring
  W2: ep2: t=209 inferring
  W3: ep3: t=151 stepping
  W4: ep4: t=144 stepping
  W5: ep5: t=150 inferring
[6A[J  W0: ep0: t=218 stepping
  W1: ep1: t=210 stepping
  W2: ep2: t=210 inferring
  W3: ep3: t=153 inferring
  W4: ep4: t=146 inferring
  W5: ep5: t=150 inferring
[6A[J  W0: ep0: t=220 inferring
  W1: ep1: t=212 inferring
  W2: ep2: t=210 inferring
  W3: ep3: t=154 stepping
  W4: ep4: t=147 inferring
  W5: ep5: t=150 inferring
[6A[J  W0: ep0: t=220 inferring
  W1: ep1: t=213 stepping
  W2: ep2: t=210 inferring
  W3: ep3: t=156 inferring
  W4: ep4: t=148 stepping
  W5: ep5: t=151 inferring
[6A[J  W0: ep0: t=220 inferring
  W1: ep1: t=215 inferring
  W2: ep2: t=210 stepping
  W3: ep3: t=158 preprocessing
  W4: ep4: t=150 inferring
  W5: ep5: t=153 preprocessing
[6A[J  W0: ep0: t=220 inferring
  W1: ep1: t=216 inferring
  W2: ep2: t=212 preprocessing
  W3: ep3: t=159 inferring
  W4: ep4: t=150 inferring
  W5: ep5: t=154 inferring
[6A[J  W0: ep0: t=221 inferring
  W1: ep1: t=217 stepping
  W2: ep2: t=213 inferring
  W3: ep3: t=160 inferring
  W4: ep4: t=150 inferring
  W5: ep5: t=156 inferring
[6A[J  W0: ep0: t=222 inferring
  W1: ep1: t=219 inferring
  W2: ep2: t=214 inferring
  W3: ep3: t=160 inferring
  W4: ep4: t=150 inferring
  W5: ep5: t=157 inferring
[6A[J  W0: ep0: t=223 stepping
  W1: ep1: t=220 inferring
  W2: ep2: t=215 stepping
  W3: ep3: t=160 inferring
  W4: ep4: t=151 stepping
  W5: ep5: t=159 inferring
[6A[J  W0: ep0: t=225 inferring
  W1: ep1: t=220 inferring
  W2: ep2: t=217 inferring
  W3: ep3: t=161 preprocessing
  W4: ep4: t=153 inferring
  W5: ep5: t=160 inferring
[6A[J  W0: ep0: t=226 inferring
  W1: ep1: t=220 inferring
  W2: ep2: t=218 inferring
  W3: ep3: t=162 inferring
  W4: ep4: t=154 inferring
  W5: ep5: t=160 inferring
[6A[J  W0: ep0: t=227 stepping
  W1: ep1: t=221 inferring
  W2: ep2: t=219 stepping
  W3: ep3: t=163 stepping
  W4: ep4: t=155 stepping
  W5: ep5: t=160 inferring
[6A[J  W0: ep0: t=229 inferring
  W1: ep1: t=222 inferring
  W2: ep2: t=220 inferring
  W3: ep3: t=165 inferring
  W4: ep4: t=157 inferring
  W5: ep5: t=160 inferring
[6A[J  W0: ep0: t=230 inferring
  W1: ep1: t=223 inferring
  W2: ep2: t=220 inferring
  W3: ep3: t=167 preprocessing
  W4: ep4: t=158 inferring
  W5: ep5: t=161 stepping
[6A[J  W0: ep0: t=230 inferring
  W1: ep1: t=224 stepping
  W2: ep2: t=220 inferring
  W3: ep3: t=168 inferring
  W4: ep4: t=159 stepping
  W5: ep5: t=163 inferring
[6A[J  W0: ep0: t=230 inferring
  W1: ep1: t=225 stepping
  W2: ep2: t=221 inferring
  W3: ep3: t=170 inferring
  W4: ep4: t=160 inferring
  W5: ep5: t=164 stepping
[6A[J  W0: ep0: t=230 inferring
  W1: ep1: t=226 stepping
  W2: ep2: t=222 stepping
  W3: ep3: t=170 inferring
  W4: ep4: t=160 inferring
  W5: ep5: t=166 inferring
[6A[J  W0: ep0: t=231 stepping
  W1: ep1: t=228 inferring
  W2: ep2: t=224 inferring
  W3: ep3: t=170 inferring
  W4: ep4: t=160 inferring
  W5: ep5: t=167 stepping
[6A[J  W0: ep0: t=233 inferring
  W1: ep1: t=229 inferring
  W2: ep2: t=225 inferring
  W3: ep3: t=170 inferring
  W4: ep4: t=161 inferring
  W5: ep5: t=169 inferring
[6A[J  W0: ep0: t=234 stepping
  W1: ep1: t=230 inferring
  W2: ep2: t=226 stepping
  W3: ep3: t=170 inferring
  W4: ep4: t=162 inferring
  W5: ep5: t=170 inferring
[6A[J  W0: ep0: t=236 inferring
  W1: ep1: t=230 inferring
  W2: ep2: t=228 inferring
  W3: ep3: t=171 stepping
  W4: ep4: t=163 inferring
  W5: ep5: t=170 inferring
[6A[J  W0: ep0: t=237 inferring
  W1: ep1: t=230 inferring
  W2: ep2: t=229 stepping
  W3: ep3: t=173 inferring
  W4: ep4: t=165 inferring
  W5: ep5: t=170 inferring
[6A[J  W0: ep0: t=238 stepping
  W1: ep1: t=230 inferring
  W2: ep2: t=230 inferring
  W3: ep3: t=174 stepping
  W4: ep4: t=166 inferring
  W5: ep5: t=171 inferring
[6A[J  W0: ep0: t=240 inferring
  W1: ep1: t=230 inferring
  W2: ep2: t=230 inferring
  W3: ep3: t=176 inferring
  W4: ep4: t=167 stepping
  W5: ep5: t=172 stepping
[6A[J  W0: ep0: t=240 inferring
  W1: ep1: t=231 inferring
  W2: ep2: t=230 inferring
  W3: ep3: t=177 stepping
  W4: ep4: t=169 inferring
  W5: ep5: t=174 inferring
[6A[J  W0: ep0: t=240 inferring
  W1: ep1: t=232 stepping
  W2: ep2: t=230 stepping
  W3: ep3: t=179 inferring
  W4: ep4: t=170 inferring
  W5: ep5: t=175 stepping
[6A[J  W0: ep0: t=240 inferring
  W1: ep1: t=233 stepping
  W2: ep2: t=232 inferring
  W3: ep3: t=180 inferring
  W4: ep4: t=170 inferring
  W5: ep5: t=177 inferring
[6A[J  W0: ep0: t=241 inferring
  W1: ep1: t=235 inferring
  W2: ep2: t=233 stepping
  W3: ep3: t=180 inferring
  W4: ep4: t=170 inferring
  W5: ep5: t=179 preprocessing
[6A[J  W0: ep0: t=242 stepping
  W1: ep1: t=236 inferring
  W2: ep2: t=235 inferring
  W3: ep3: t=180 inferring
  W4: ep4: t=170 stepping
  W5: ep5: t=180 inferring
[6A[J  W0: ep0: t=244 inferring
  W1: ep1: t=237 inferring
  W2: ep2: t=236 inferring
  W3: ep3: t=180 inferring
  W4: ep4: t=172 inferring
  W5: ep5: t=180 inferring
[6A[J  W0: ep0: t=245 inferring
  W1: ep1: t=238 inferring
  W2: ep2: t=237 stepping
  W3: ep3: t=181 inferring
  W4: ep4: t=173 stepping
  W5: ep5: t=180 inferring
[6A[J  W0: ep0: t=246 stepping
  W1: ep1: t=239 inferring
  W2: ep2: t=239 inferring
  W3: ep3: t=182 inferring
  W4: ep4: t=175 inferring
  W5: ep5: t=180 inferring
[6A[J  W0: ep0: t=248 inferring
  W1: ep1: t=240 inferring
  W2: ep2: t=240 inferring
  W3: ep3: t=184 inferring
  W4: ep4: t=177 preprocessing
  W5: ep5: t=181 stepping
[6A[J  W0: ep0: t=249 stepping
  W1: ep1: t=240 inferring
  W2: ep2: t=240 inferring
  W3: ep3: t=186 preprocessing
  W4: ep4: t=178 stepping
  W5: ep5: t=183 inferring
[6A[J  W0: ep0: t=250 inferring
  W1: ep1: t=240 inferring
  W2: ep2: t=240 inferring
  W3: ep3: t=187 inferring
  W4: ep4: t=180 inferring
  W5: ep5: t=184 stepping
[6A[J  W0: ep0: t=250 inferring
  W1: ep1: t=241 inferring
  W2: ep2: t=240 inferring
  W3: ep3: t=189 inferring
  W4: ep4: t=180 inferring
  W5: ep5: t=186 inferring
[6A[J  W0: ep0: t=250 inferring
  W1: ep1: t=242 inferring
  W2: ep2: t=240 inferring
  W3: ep3: t=190 inferring
  W4: ep4: t=180 inferring
  W5: ep5: t=188 inferring
[6A[J  W0: ep0: t=250 inferring
  W1: ep1: t=243 inferring
  W2: ep2: t=241 stepping
  W3: ep3: t=190 inferring
  W4: ep4: t=180 inferring
  W5: ep5: t=189 inferring
[6A[J  W0: ep0: t=250 inferring
  W1: ep1: t=244 inferring
  W2: ep2: t=243 preprocessing
  W3: ep3: t=190 inferring
  W4: ep4: t=181 inferring
  W5: ep5: t=190 inferring
[6A[J  W0: ep0: t=250 inferring
  W1: ep1: t=245 inferring
  W2: ep2: t=244 inferring
  W3: ep3: t=190 inferring
  W4: ep4: t=182 inferring
  W5: ep5: t=190 inferring
[6A[J  W0: ep0: t=251 inferring
  W1: ep1: t=246 stepping
  W2: ep2: t=245 stepping
  W3: ep3: t=190 inferring
  W4: ep4: t=184 preprocessing
  W5: ep5: t=190 inferring
[6A[J  W0: ep0: t=252 stepping
  W1: ep1: t=247 stepping
  W2: ep2: t=247 inferring
  W3: ep3: t=190 stepping
  W4: ep4: t=185 inferring
  W5: ep5: t=190 inferring
Cleaning up...
Stopping background process (PID: 2593003)
Cleanup complete
